---------------- rank: 3 ----------------
lower_x_rank: 2, upper_x_rank: -1
lower_y_rank: -1, upper_y_rank: 7
---------------- rank: 13 ----------------
lower_x_rank: 12, upper_x_rank: 14
lower_y_rank: 9, upper_y_rank: -1
---------------- rank: 15 ----------------
lower_x_rank: 14, upper_x_rank: -1
lower_y_rank: 11, upper_y_rank: -1
---------------- rank: 5 ----------------
lower_x_rank: 4, upper_x_rank: 6
lower_y_rank: 1, upper_y_rank: 9
---------------- rank: 11 ----------------
lower_x_rank: 10, upper_x_rank: -1
lower_y_rank: 7, upper_y_rank: 15
---------------- rank: 1 ----------------
lower_x_rank: 0, upper_x_rank: 2
lower_y_rank: -1, upper_y_rank: 5
---------------- rank: 9 ----------------
lower_x_rank: 8, upper_x_rank: 10
lower_y_rank: 5, upper_y_rank: 13
---------------- rank: 7 ----------------
lower_x_rank: 6, upper_x_rank: -1
lower_y_rank: 3, upper_y_rank: 11
---------------- rank: 0 ----------------
lower_x_rank: -1, upper_x_rank: 1
lower_y_rank: -1, upper_y_rank: 4
---------------- rank: 10 ----------------
lower_x_rank: 9, upper_x_rank: 11
lower_y_rank: 6, upper_y_rank: 14
---------------- rank: 4 ----------------
lower_x_rank: -1, upper_x_rank: 5
lower_y_rank: 0, upper_y_rank: 8
---------------- rank: 6 ----------------
lower_x_rank: 5, upper_x_rank: 7
lower_y_rank: 2, upper_y_rank: 10
---------------- rank: 12 ----------------
lower_x_rank: -1, upper_x_rank: 13
lower_y_rank: 8, upper_y_rank: -1
---------------- rank: 14 ----------------
lower_x_rank: 13, upper_x_rank: 15
lower_y_rank: 10, upper_y_rank: -1
---------------- rank: 2 ----------------
lower_x_rank: 1, upper_x_rank: 3
lower_y_rank: -1, upper_y_rank: 6
---------------- rank: 8 ----------------
lower_x_rank: -1, upper_x_rank: 9
lower_y_rank: 4, upper_y_rank: 12
